2019-03-18T17:48:58+00:00 INFO Queuing 3.4.4 - wc_update_344_recreate_roles
2019-03-18T17:48:58+00:00 INFO Queuing 3.4.4 - wc_update_344_db_version
2019-03-18T17:48:58+00:00 INFO Queuing 3.5.0 - wc_update_350_reviews_comment_type
2019-03-18T17:48:58+00:00 INFO Queuing 3.5.0 - wc_update_350_db_version
2019-03-18T17:48:58+00:00 INFO Queuing 3.5.2 - wc_update_352_drop_download_log_fk
2019-03-18T17:48:58+00:00 INFO Queuing 3.5.4 - wc_update_354_modify_shop_manager_caps
2019-03-18T17:48:58+00:00 INFO Queuing 3.5.4 - wc_update_354_db_version
2019-03-18T17:48:58+00:00 INFO Running wc_update_344_recreate_roles callback
2019-03-18T17:48:59+00:00 INFO Finished running wc_update_344_recreate_roles callback
2019-03-18T17:48:59+00:00 INFO Running wc_update_344_db_version callback
2019-03-18T17:48:59+00:00 INFO Finished running wc_update_344_db_version callback
2019-03-18T17:48:59+00:00 INFO Running wc_update_350_reviews_comment_type callback
2019-03-18T17:48:59+00:00 INFO Finished running wc_update_350_reviews_comment_type callback
2019-03-18T17:48:59+00:00 INFO Running wc_update_350_db_version callback
2019-03-18T17:48:59+00:00 INFO Finished running wc_update_350_db_version callback
2019-03-18T17:48:59+00:00 INFO Running wc_update_352_drop_download_log_fk callback
2019-03-18T17:48:59+00:00 INFO Finished running wc_update_352_drop_download_log_fk callback
2019-03-18T17:48:59+00:00 INFO Running wc_update_354_modify_shop_manager_caps callback
2019-03-18T17:48:59+00:00 INFO Finished running wc_update_354_modify_shop_manager_caps callback
2019-03-18T17:48:59+00:00 INFO Running wc_update_354_db_version callback
2019-03-18T17:48:59+00:00 INFO Finished running wc_update_354_db_version callback
2019-03-18T17:48:59+00:00 INFO Data update complete
